<?xml version="1.0" encoding="UTF-8"?>
<!-- Generated by org.testng.reporters.JUnitReportReporter -->
<testsuite hostname="NOI1-CIS216" name="com.safenet.lunaeft.MessageIdentifierTest" tests="1" failures="0" timestamp="4 Feb 2015 04:55:29 GMT" time="5.496" errors="0">
  <testcase name="EFT_WEB_Function_Identifier_1" time="5.496" classname="com.safenet.lunaeft.MessageIdentifierTest"/>
</testsuite> <!-- com.safenet.lunaeft.MessageIdentifierTest -->
