<?xml version="1.0" encoding="UTF-8"?>
<!-- Generated by org.testng.reporters.JUnitReportReporter -->
<testsuite hostname="NOI-8Q7XXC2" name="com.safenet.lunaeft.HostConnectionTest" tests="1" failures="1" timestamp="11 Jan 2018 04:51:09 GMT" time="0.003" errors="0">
  <testcase name="HostConnection" time="0.003" classname="com.safenet.lunaeft.HostConnectionTest">
    <failure type="org.openqa.selenium.WebDriverException" message="UnknownError: Cannot press more then one button or an already pressed button.&#039;UnknownError: Cannot press more then one button or an already pressed button.&#039; when calling method: [wdIMouse::click]
Command duration or timeout: 117 milliseconds
Build info: version: &#039;2.52.0&#039;, revision: &#039;4c2593cfc3689a7fcd7be52549167e5ccc93ad28&#039;, time: &#039;2016-02-11 11:22:43&#039;
System info: host: &#039;NOI-8Q7XXC2&#039;, ip: &#039;10.164.115.217&#039;, os.name: &#039;Windows 7&#039;, os.arch: &#039;amd64&#039;, os.version: &#039;6.1&#039;, java.version: &#039;1.8.0_151&#039;
Driver info: org.openqa.selenium.firefox.FirefoxDriver
Capabilities [{applicationCacheEnabled=true, rotatable=false, handlesAlerts=true, databaseEnabled=true, version=37.0, platform=WINDOWS, nativeEvents=false, acceptSslCerts=true, webStorageEnabled=true, locationContextEnabled=true, browserName=firefox, takesScreenshot=true, javascriptEnabled=true, cssSelectorsEnabled=true}]
Session ID: ab3e0ff9-56d0-448c-a5d9-3e65b6a04d4b">
      <![CDATA[org.openqa.selenium.WebDriverException: UnknownError: Cannot press more then one button or an already pressed button.'UnknownError: Cannot press more then one button or an already pressed button.' when calling method: [wdIMouse::click]
Command duration or timeout: 117 milliseconds
Build info: version: '2.52.0', revision: '4c2593cfc3689a7fcd7be52549167e5ccc93ad28', time: '2016-02-11 11:22:43'
System info: host: 'NOI-8Q7XXC2', ip: '10.164.115.217', os.name: 'Windows 7', os.arch: 'amd64', os.version: '6.1', java.version: '1.8.0_151'
Driver info: org.openqa.selenium.firefox.FirefoxDriver
Capabilities [{applicationCacheEnabled=true, rotatable=false, handlesAlerts=true, databaseEnabled=true, version=37.0, platform=WINDOWS, nativeEvents=false, acceptSslCerts=true, webStorageEnabled=true, locationContextEnabled=true, browserName=firefox, takesScreenshot=true, javascriptEnabled=true, cssSelectorsEnabled=true}]
Session ID: ab3e0ff9-56d0-448c-a5d9-3e65b6a04d4b
	at sun.reflect.NativeConstructorAccessorImpl.newInstance0(Native Method)
	at sun.reflect.NativeConstructorAccessorImpl.newInstance(Unknown Source)
	at sun.reflect.DelegatingConstructorAccessorImpl.newInstance(Unknown Source)
	at java.lang.reflect.Constructor.newInstance(Unknown Source)
	at org.openqa.selenium.remote.ErrorHandler.createThrowable(ErrorHandler.java:206)
	at org.openqa.selenium.remote.ErrorHandler.throwIfResponseFailed(ErrorHandler.java:158)
	at org.openqa.selenium.remote.RemoteWebDriver.execute(RemoteWebDriver.java:678)
	at org.openqa.selenium.remote.RemoteWebElement.execute(RemoteWebElement.java:327)
	at org.openqa.selenium.remote.RemoteWebElement.click(RemoteWebElement.java:85)
	at sun.reflect.NativeMethodAccessorImpl.invoke0(Native Method)
	at sun.reflect.NativeMethodAccessorImpl.invoke(Unknown Source)
	at sun.reflect.DelegatingMethodAccessorImpl.invoke(Unknown Source)
	at java.lang.reflect.Method.invoke(Unknown Source)
	at org.openqa.selenium.support.pagefactory.internal.LocatingElementHandler.invoke(LocatingElementHandler.java:51)
	at com.sun.proxy.$Proxy9.click(Unknown Source)
	at com.safenet.pages.LoginPage.clickInputLoginButton(LoginPage.java:232)
	at com.safenet.pages.LoginPage.validLogin(LoginPage.java:395)
	at com.safenet.lunaeft.HostConnectionTest.setUp(HostConnectionTest.java:58)
	at sun.reflect.NativeMethodAccessorImpl.invoke0(Native Method)
	at sun.reflect.NativeMethodAccessorImpl.invoke(Unknown Source)
	at sun.reflect.DelegatingMethodAccessorImpl.invoke(Unknown Source)
	at java.lang.reflect.Method.invoke(Unknown Source)
	at org.testng.internal.MethodInvocationHelper.invokeMethod(MethodInvocationHelper.java:84)
	at org.testng.internal.Invoker.invokeConfigurationMethod(Invoker.java:564)
	at org.testng.internal.Invoker.invokeConfigurations(Invoker.java:213)
	at org.testng.internal.Invoker.invokeConfigurations(Invoker.java:138)
	at org.testng.internal.TestMethodWorker.invokeBeforeClassMethods(TestMethodWorker.java:175)
	at org.testng.internal.TestMethodWorker.run(TestMethodWorker.java:107)
	at org.testng.TestRunner.privateRun(TestRunner.java:767)
	at org.testng.TestRunner.run(TestRunner.java:617)
	at org.testng.SuiteRunner.runTest(SuiteRunner.java:348)
	at org.testng.SuiteRunner.runSequentially(SuiteRunner.java:343)
	at org.testng.SuiteRunner.privateRun(SuiteRunner.java:305)
	at org.testng.SuiteRunner.run(SuiteRunner.java:254)
	at org.testng.SuiteRunnerWorker.runSuite(SuiteRunnerWorker.java:52)
	at org.testng.SuiteRunnerWorker.run(SuiteRunnerWorker.java:86)
	at org.testng.TestNG.runSuitesSequentially(TestNG.java:1224)
	at org.testng.TestNG.runSuitesLocally(TestNG.java:1149)
	at org.testng.TestNG.run(TestNG.java:1057)
	at org.testng.remote.AbstractRemoteTestNG.run(AbstractRemoteTestNG.java:114)
	at org.testng.remote.RemoteTestNG.initAndRun(RemoteTestNG.java:251)
	at org.testng.remote.RemoteTestNG.main(RemoteTestNG.java:77)
Caused by: org.openqa.selenium.WebDriverException: UnknownError: Cannot press more then one button or an already pressed button.'UnknownError: Cannot press more then one button or an already pressed button.' when calling method: [wdIMouse::click]
Build info: version: '2.52.0', revision: '4c2593cfc3689a7fcd7be52549167e5ccc93ad28', time: '2016-02-11 11:22:43'
System info: host: 'NOI-8Q7XXC2', ip: '10.164.115.217', os.name: 'Windows 7', os.arch: 'amd64', os.version: '6.1', java.version: '1.8.0_151'
Driver info: driver.version: unknown
	at <anonymous class>.WebElement.clickElement(file:///C:/Users/10055107/AppData/Local/Temp/anonymous3817635863778086418webdriver-profile/extensions/fxdriver@googlecode.com/components/command-processor.js:12041)
	at <anonymous class>.DelayedCommand.prototype.executeInternal_/h(file:///C:/Users/10055107/AppData/Local/Temp/anonymous3817635863778086418webdriver-profile/extensions/fxdriver@googlecode.com/components/command-processor.js:12614)
	at <anonymous class>.DelayedCommand.prototype.executeInternal_(file:///C:/Users/10055107/AppData/Local/Temp/anonymous3817635863778086418webdriver-profile/extensions/fxdriver@googlecode.com/components/command-processor.js:12619)
	at <anonymous class>.DelayedCommand.prototype.execute/<(file:///C:/Users/10055107/AppData/Local/Temp/anonymous3817635863778086418webdriver-profile/extensions/fxdriver@googlecode.com/components/command-processor.js:12561)
	at <anonymous class>.<anonymous method>(https://10.164.74.24/eftweb/resources/scripts/appletAuth.js?v=0.3919944699609451:1)
	at <anonymous class>.m.event.dispatch(https://10.164.74.24/eftweb/resources/scripts/jquery-1.11.2.min.js?var=0.9301404958709935:3)
	at <anonymous class>.m.event.add/r.handle(https://10.164.74.24/eftweb/resources/scripts/jquery-1.11.2.min.js?var=0.9301404958709935:3)
	at <anonymous class>.SyntheticMouse.EventEmitter.prototype.fireMouseEvent(file:///C:/Users/10055107/AppData/Local/Temp/anonymous3817635863778086418webdriver-profile/extensions/fxdriver@googlecode.com/components/synthetic-mouse.js:11253)
	at <anonymous class>.bot.Device.prototype.fireMouseEvent(file:///C:/Users/10055107/AppData/Local/Temp/anonymous3817635863778086418webdriver-profile/extensions/fxdriver@googlecode.com/components/synthetic-mouse.js:9613)
	at <anonymous class>.bot.Mouse.prototype.fireMouseEvent_(file:///C:/Users/10055107/AppData/Local/Temp/anonymous3817635863778086418webdriver-profile/extensions/fxdriver@googlecode.com/components/synthetic-mouse.js:10133)
	at <anonymous class>.bot.Mouse.prototype.releaseButton(file:///C:/Users/10055107/AppData/Local/Temp/anonymous3817635863778086418webdriver-profile/extensions/fxdriver@googlecode.com/components/synthetic-mouse.js:10082)
	at <anonymous class>.bot.action.click(file:///C:/Users/10055107/AppData/Local/Temp/anonymous3817635863778086418webdriver-profile/extensions/fxdriver@googlecode.com/components/synthetic-mouse.js:10743)
	at <anonymous class>.SyntheticMouse.prototype.click(file:///C:/Users/10055107/AppData/Local/Temp/anonymous3817635863778086418webdriver-profile/extensions/fxdriver@googlecode.com/components/synthetic-mouse.js:11159)
	at <anonymous class>.WebElement.clickElement(file:///C:/Users/10055107/AppData/Local/Temp/anonymous3817635863778086418webdriver-profile/extensions/fxdriver@googlecode.com/components/command-processor.js:12041)
	at <anonymous class>.DelayedCommand.prototype.executeInternal_/h(file:///C:/Users/10055107/AppData/Local/Temp/anonymous3817635863778086418webdriver-profile/extensions/fxdriver@googlecode.com/components/command-processor.js:12614)
	at <anonymous class>.DelayedCommand.prototype.executeInternal_(file:///C:/Users/10055107/AppData/Local/Temp/anonymous3817635863778086418webdriver-profile/extensions/fxdriver@googlecode.com/components/command-processor.js:12619)
	at <anonymous class>.DelayedCommand.prototype.execute/<(file:///C:/Users/10055107/AppData/Local/Temp/anonymous3817635863778086418webdriver-profile/extensions/fxdriver@googlecode.com/components/command-processor.js:12561)
]]>
    </failure>
  </testcase> <!-- HostConnection -->
</testsuite> <!-- com.safenet.lunaeft.HostConnectionTest -->
