<?xml version="1.0" encoding="UTF-8"?>
<!-- Generated by org.testng.reporters.JUnitReportReporter -->
<testsuite hostname="NOI-8Q7XXC2" name="CucumberProj.CucumberProjstepImpementation.testImplementation" tests="1" failures="0" timestamp="9 Feb 2018 12:37:15 GMT" time="36.294" errors="0">
  <testcase name="EFT_WEB_OBM_PASSWORD_1" time="36.294" classname="CucumberProj.CucumberProjstepImpementation.testImplementation"/>
</testsuite> <!-- CucumberProj.CucumberProjstepImpementation.testImplementation -->
