<?xml version="1.0" encoding="UTF-8"?>
<!-- Generated by org.testng.reporters.JUnitReportReporter -->
<testsuite hostname="NOI-8Q7XXC2" name="com.safenet.execute.OBMPasswordMailerExecute" tests="1" failures="0" timestamp="19 Mar 2018 06:15:17 GMT" time="31.899" errors="0">
  <testcase name="feature" time="31.899" classname="com.safenet.execute.OBMPasswordMailerExecute"/>
</testsuite> <!-- com.safenet.execute.OBMPasswordMailerExecute -->
